<?xml version="1.0" encoding="UTF-8"?>
<coverage generated="1519794447192" clover="3.2.0">
  <project timestamp="1519794447192" name="All files">
    <metrics statements="169" coveredstatements="149" conditionals="27" coveredconditionals="17" methods="64" coveredmethods="49" elements="260" coveredelements="215" complexity="0" loc="169" ncloc="169" packages="4" files="21" classes="21">
      <package name="models">
        <metrics statements="32" coveredstatements="30" conditionals="9" coveredconditionals="6" methods="10" coveredmethods="7"/>
        <file name="answers.js" path="/Users/ramprasadagarwal/Desktop/TechUniversity2018/forthEvaluation/models/answers.js">
          <metrics statements="3" coveredstatements="3" conditionals="0" coveredconditionals="0" methods="2" coveredmethods="1"/>
          <line num="2" count="12" type="stmt"/>
          <line num="3" count="12" type="stmt"/>
          <line num="14" count="12" type="stmt"/>
        </file>
        <file name="index.js" path="/Users/ramprasadagarwal/Desktop/TechUniversity2018/forthEvaluation/models/index.js">
          <metrics statements="20" coveredstatements="18" conditionals="9" coveredconditionals="6" methods="3" coveredmethods="3"/>
          <line num="3" count="12" type="stmt"/>
          <line num="4" count="12" type="stmt"/>
          <line num="5" count="12" type="stmt"/>
          <line num="7" count="12" type="stmt"/>
          <line num="8" count="12" type="cond" truecount="1" falsecount="1"/>
          <line num="9" count="12" type="stmt"/>
          <line num="10" count="12" type="stmt"/>
          <line num="12" count="12" type="cond" truecount="1" falsecount="1"/>
          <line num="13" count="0" type="stmt"/>
          <line num="15" count="12" type="stmt"/>
          <line num="18" count="12" type="stmt"/>
          <line num="20" count="60" type="cond" truecount="3" falsecount="0"/>
          <line num="22" count="48" type="stmt"/>
          <line num="23" count="48" type="stmt"/>
          <line num="26" count="12" type="stmt"/>
          <line num="27" count="48" type="cond" truecount="1" falsecount="1"/>
          <line num="28" count="0" type="stmt"/>
          <line num="32" count="12" type="stmt"/>
          <line num="33" count="12" type="stmt"/>
          <line num="35" count="12" type="stmt"/>
        </file>
        <file name="options.js" path="/Users/ramprasadagarwal/Desktop/TechUniversity2018/forthEvaluation/models/options.js">
          <metrics statements="3" coveredstatements="3" conditionals="0" coveredconditionals="0" methods="2" coveredmethods="1"/>
          <line num="2" count="12" type="stmt"/>
          <line num="3" count="12" type="stmt"/>
          <line num="13" count="12" type="stmt"/>
        </file>
        <file name="questions.js" path="/Users/ramprasadagarwal/Desktop/TechUniversity2018/forthEvaluation/models/questions.js">
          <metrics statements="3" coveredstatements="3" conditionals="0" coveredconditionals="0" methods="1" coveredmethods="1"/>
          <line num="3" count="12" type="stmt"/>
          <line num="4" count="12" type="stmt"/>
          <line num="15" count="12" type="stmt"/>
        </file>
        <file name="users.js" path="/Users/ramprasadagarwal/Desktop/TechUniversity2018/forthEvaluation/models/users.js">
          <metrics statements="3" coveredstatements="3" conditionals="0" coveredconditionals="0" methods="2" coveredmethods="1"/>
          <line num="2" count="12" type="stmt"/>
          <line num="3" count="12" type="stmt"/>
          <line num="14" count="12" type="stmt"/>
        </file>
      </package>
      <package name="src">
        <metrics statements="10" coveredstatements="7" conditionals="4" coveredconditionals="1" methods="1" coveredmethods="0"/>
        <file name="server.js" path="/Users/ramprasadagarwal/Desktop/TechUniversity2018/forthEvaluation/src/server.js">
          <metrics statements="10" coveredstatements="7" conditionals="4" coveredconditionals="1" methods="1" coveredmethods="0"/>
          <line num="1" count="5" type="stmt"/>
          <line num="2" count="5" type="stmt"/>
          <line num="4" count="5" type="stmt"/>
          <line num="6" count="5" type="stmt"/>
          <line num="11" count="5" type="stmt"/>
          <line num="13" count="5" type="cond" truecount="1" falsecount="1"/>
          <line num="14" count="0" type="stmt"/>
          <line num="15" count="0" type="cond" truecount="0" falsecount="2"/>
          <line num="16" count="0" type="stmt"/>
          <line num="20" count="5" type="stmt"/>
        </file>
      </package>
      <package name="src.routes">
        <metrics statements="62" coveredstatements="49" conditionals="10" coveredconditionals="6" methods="25" coveredmethods="16"/>
        <file name="answer.js" path="/Users/ramprasadagarwal/Desktop/TechUniversity2018/forthEvaluation/src/routes/answer.js">
          <metrics statements="10" coveredstatements="10" conditionals="2" coveredconditionals="2" methods="4" coveredmethods="4"/>
          <line num="1" count="5" type="stmt"/>
          <line num="2" count="5" type="stmt"/>
          <line num="4" count="5" type="stmt"/>
          <line num="8" count="2" type="stmt"/>
          <line num="9" count="2" type="stmt"/>
          <line num="16" count="2" type="cond" truecount="2" falsecount="0"/>
          <line num="17" count="1" type="stmt"/>
          <line num="19" count="1" type="stmt"/>
          <line num="22" count="1" type="stmt"/>
          <line num="31" count="1" type="stmt"/>
        </file>
        <file name="fetch.js" path="/Users/ramprasadagarwal/Desktop/TechUniversity2018/forthEvaluation/src/routes/fetch.js">
          <metrics statements="11" coveredstatements="11" conditionals="2" coveredconditionals="2" methods="5" coveredmethods="5"/>
          <line num="1" count="5" type="stmt"/>
          <line num="2" count="5" type="stmt"/>
          <line num="3" count="5" type="stmt"/>
          <line num="5" count="5" type="stmt"/>
          <line num="9" count="2" type="stmt"/>
          <line num="11" count="2" type="cond" truecount="2" falsecount="0"/>
          <line num="12" count="1" type="stmt"/>
          <line num="14" count="1" type="stmt"/>
          <line num="16" count="1" type="stmt"/>
          <line num="20" count="1" type="stmt"/>
          <line num="22" count="1" type="stmt"/>
        </file>
        <file name="getuserstate.js" path="/Users/ramprasadagarwal/Desktop/TechUniversity2018/forthEvaluation/src/routes/getuserstate.js">
          <metrics statements="7" coveredstatements="7" conditionals="0" coveredconditionals="0" methods="4" coveredmethods="3"/>
          <line num="1" count="5" type="stmt"/>
          <line num="2" count="5" type="stmt"/>
          <line num="4" count="5" type="stmt"/>
          <line num="8" count="1" type="stmt"/>
          <line num="9" count="1" type="stmt"/>
          <line num="15" count="1" type="stmt"/>
          <line num="19" count="1" type="stmt"/>
        </file>
        <file name="index.js" path="/Users/ramprasadagarwal/Desktop/TechUniversity2018/forthEvaluation/src/routes/index.js">
          <metrics statements="7" coveredstatements="7" conditionals="0" coveredconditionals="0" methods="1" coveredmethods="1"/>
          <line num="1" count="5" type="stmt"/>
          <line num="2" count="5" type="stmt"/>
          <line num="3" count="5" type="stmt"/>
          <line num="4" count="5" type="stmt"/>
          <line num="5" count="5" type="stmt"/>
          <line num="7" count="5" type="stmt"/>
          <line num="10" count="1" type="stmt"/>
        </file>
        <file name="login.js" path="/Users/ramprasadagarwal/Desktop/TechUniversity2018/forthEvaluation/src/routes/login.js">
          <metrics statements="11" coveredstatements="11" conditionals="2" coveredconditionals="2" methods="3" coveredmethods="3"/>
          <line num="1" count="5" type="stmt"/>
          <line num="2" count="5" type="stmt"/>
          <line num="3" count="5" type="stmt"/>
          <line num="5" count="5" type="stmt"/>
          <line num="9" count="2" type="stmt"/>
          <line num="10" count="2" type="stmt"/>
          <line num="12" count="2" type="cond" truecount="2" falsecount="0"/>
          <line num="13" count="1" type="stmt"/>
          <line num="15" count="1" type="stmt"/>
          <line num="16" count="1" type="stmt"/>
          <line num="19" count="1" type="stmt"/>
        </file>
        <file name="score.js" path="/Users/ramprasadagarwal/Desktop/TechUniversity2018/forthEvaluation/src/routes/score.js">
          <metrics statements="16" coveredstatements="3" conditionals="4" coveredconditionals="0" methods="8" coveredmethods="0"/>
          <line num="1" count="5" type="stmt"/>
          <line num="2" count="5" type="stmt"/>
          <line num="4" count="5" type="stmt"/>
          <line num="8" count="0" type="stmt"/>
          <line num="9" count="0" type="stmt"/>
          <line num="11" count="0" type="stmt"/>
          <line num="16" count="0" type="stmt"/>
          <line num="17" count="0" type="stmt"/>
          <line num="18" count="0" type="stmt"/>
          <line num="19" count="0" type="cond" truecount="0" falsecount="4"/>
          <line num="20" count="0" type="stmt"/>
          <line num="24" count="0" type="stmt"/>
          <line num="26" count="0" type="stmt"/>
          <line num="37" count="0" type="stmt"/>
          <line num="43" count="0" type="stmt"/>
          <line num="47" count="0" type="stmt"/>
        </file>
      </package>
      <package name="src.utils.helpers">
        <metrics statements="65" coveredstatements="63" conditionals="4" coveredconditionals="4" methods="28" coveredmethods="26"/>
        <file name="createUser.js" path="/Users/ramprasadagarwal/Desktop/TechUniversity2018/forthEvaluation/src/utils/helpers/createUser.js">
          <metrics statements="5" coveredstatements="4" conditionals="0" coveredconditionals="0" methods="3" coveredmethods="2"/>
          <line num="1" count="6" type="stmt"/>
          <line num="3" count="6" type="stmt"/>
          <line num="7" count="2" type="stmt"/>
          <line num="8" count="0" type="stmt"/>
          <line num="10" count="6" type="stmt"/>
        </file>
        <file name="fetchUserDetails.js" path="/Users/ramprasadagarwal/Desktop/TechUniversity2018/forthEvaluation/src/utils/helpers/fetchUserDetails.js">
          <metrics statements="5" coveredstatements="4" conditionals="0" coveredconditionals="0" methods="3" coveredmethods="2"/>
          <line num="1" count="6" type="stmt"/>
          <line num="3" count="6" type="stmt"/>
          <line num="8" count="4" type="stmt"/>
          <line num="9" count="0" type="stmt"/>
          <line num="11" count="6" type="stmt"/>
        </file>
        <file name="fetchdataByUrl.js" path="/Users/ramprasadagarwal/Desktop/TechUniversity2018/forthEvaluation/src/utils/helpers/fetchdataByUrl.js">
          <metrics statements="2" coveredstatements="2" conditionals="0" coveredconditionals="0" methods="1" coveredmethods="1"/>
          <line num="1" count="9" type="stmt"/>
          <line num="3" count="144" type="stmt"/>
        </file>
        <file name="getFormPayload.js" path="/Users/ramprasadagarwal/Desktop/TechUniversity2018/forthEvaluation/src/utils/helpers/getFormPayload.js">
          <metrics statements="4" coveredstatements="4" conditionals="2" coveredconditionals="2" methods="1" coveredmethods="1"/>
          <line num="1" count="6" type="stmt"/>
          <line num="2" count="7" type="cond" truecount="2" falsecount="0"/>
          <line num="3" count="1" type="stmt"/>
          <line num="5" count="6" type="stmt"/>
        </file>
        <file name="getQuestions.js" path="/Users/ramprasadagarwal/Desktop/TechUniversity2018/forthEvaluation/src/utils/helpers/getQuestions.js">
          <metrics statements="16" coveredstatements="16" conditionals="0" coveredconditionals="0" methods="8" coveredmethods="8"/>
          <line num="1" count="6" type="stmt"/>
          <line num="3" count="6" type="stmt"/>
          <line num="5" count="3" type="stmt"/>
          <line num="6" count="3" type="stmt"/>
          <line num="7" count="3" type="stmt"/>
          <line num="8" count="51" type="stmt"/>
          <line num="12" count="51" type="stmt"/>
          <line num="18" count="412" type="stmt"/>
          <line num="21" count="51" type="stmt"/>
          <line num="22" count="51" type="stmt"/>
          <line num="25" count="51" type="stmt"/>
          <line num="26" count="51" type="stmt"/>
          <line num="28" count="3" type="stmt"/>
          <line num="29" count="3" type="stmt"/>
          <line num="30" count="3" type="stmt"/>
          <line num="32" count="6" type="stmt"/>
        </file>
        <file name="insertOptions.js" path="/Users/ramprasadagarwal/Desktop/TechUniversity2018/forthEvaluation/src/utils/helpers/insertOptions.js">
          <metrics statements="3" coveredstatements="3" conditionals="0" coveredconditionals="0" methods="2" coveredmethods="2"/>
          <line num="1" count="9" type="stmt"/>
          <line num="3" count="133" type="stmt"/>
          <line num="4" count="133" type="stmt"/>
        </file>
        <file name="insertQuestion.js" path="/Users/ramprasadagarwal/Desktop/TechUniversity2018/forthEvaluation/src/utils/helpers/insertQuestion.js">
          <metrics statements="3" coveredstatements="3" conditionals="0" coveredconditionals="0" methods="2" coveredmethods="2"/>
          <line num="1" count="9" type="stmt"/>
          <line num="3" count="133" type="stmt"/>
          <line num="4" count="133" type="stmt"/>
        </file>
        <file name="isDBEmpty.js" path="/Users/ramprasadagarwal/Desktop/TechUniversity2018/forthEvaluation/src/utils/helpers/isDBEmpty.js">
          <metrics statements="5" coveredstatements="5" conditionals="2" coveredconditionals="2" methods="2" coveredmethods="2"/>
          <line num="1" count="6" type="stmt"/>
          <line num="3" count="6" type="stmt"/>
          <line num="5" count="4" type="cond" truecount="2" falsecount="0"/>
          <line num="6" count="2" type="stmt"/>
          <line num="9" count="6" type="stmt"/>
        </file>
        <file name="populate.js" path="/Users/ramprasadagarwal/Desktop/TechUniversity2018/forthEvaluation/src/utils/helpers/populate.js">
          <metrics statements="22" coveredstatements="22" conditionals="0" coveredconditionals="0" methods="6" coveredmethods="6"/>
          <line num="1" count="8" type="stmt"/>
          <line num="2" count="8" type="stmt"/>
          <line num="3" count="8" type="stmt"/>
          <line num="5" count="11" type="stmt"/>
          <line num="7" count="11" type="stmt"/>
          <line num="8" count="11" type="stmt"/>
          <line num="9" count="11" type="stmt"/>
          <line num="10" count="132" type="stmt"/>
          <line num="11" count="132" type="stmt"/>
          <line num="13" count="132" type="stmt"/>
          <line num="14" count="132" type="stmt"/>
          <line num="19" count="132" type="stmt"/>
          <line num="22" count="132" type="stmt"/>
          <line num="23" count="132" type="stmt"/>
          <line num="24" count="132" type="stmt"/>
          <line num="25" count="528" type="stmt"/>
          <line num="26" count="528" type="stmt"/>
          <line num="28" count="132" type="stmt"/>
          <line num="30" count="132" type="stmt"/>
          <line num="32" count="11" type="stmt"/>
          <line num="33" count="11" type="stmt"/>
          <line num="35" count="8" type="stmt"/>
        </file>
      </package>
    </metrics>
  </project>
</coverage>
