{"/Users/ramprasadagarwal/Desktop/TechUniversity2018/forthEvaluation/models/answers.js": {"path":"/Users/ramprasadagarwal/Desktop/TechUniversity2018/forthEvaluation/models/answers.js","statementMap":{"0":{"start":{"line":2,"column":0},"end":{"line":15,"column":2}},"1":{"start":{"line":3,"column":16},"end":{"line":13,"column":4}},"2":{"start":{"line":14,"column":2},"end":{"line":14,"column":17}}},"fnMap":{"0":{"name":"(anonymous_0)","decl":{"start":{"line":2,"column":17},"end":{"line":2,"column":18}},"loc":{"start":{"line":2,"column":43},"end":{"line":15,"column":1}},"line":2},"1":{"name":"(anonymous_1)","decl":{"start":{"line":9,"column":17},"end":{"line":9,"column":18}},"loc":{"start":{"line":9,"column":34},"end":{"line":11,"column":7}},"line":9}},"branchMap":{},"s":{"0":12,"1":12,"2":12},"f":{"0":12,"1":0},"b":{},"_coverageSchema":"332fd63041d2c1bcb487cc26dd0d5f7d97098a6c","hash":"d69340f9b66819d47b912e1bd4291556a8bc2d5e"}
,"/Users/ramprasadagarwal/Desktop/TechUniversity2018/forthEvaluation/models/index.js": {"path":"/Users/ramprasadagarwal/Desktop/TechUniversity2018/forthEvaluation/models/index.js","statementMap":{"0":{"start":{"line":3,"column":11},"end":{"line":3,"column":24}},"1":{"start":{"line":4,"column":13},"end":{"line":4,"column":28}},"2":{"start":{"line":5,"column":18},"end":{"line":5,"column":38}},"3":{"start":{"line":7,"column":17},"end":{"line":7,"column":42}},"4":{"start":{"line":8,"column":12},"end":{"line":8,"column":49}},"5":{"start":{"line":9,"column":15},"end":{"line":9,"column":65}},"6":{"start":{"line":10,"column":11},"end":{"line":10,"column":13}},"7":{"start":{"line":12,"column":0},"end":{"line":16,"column":1}},"8":{"start":{"line":13,"column":18},"end":{"line":13,"column":77}},"9":{"start":{"line":15,"column":18},"end":{"line":15,"column":90}},"10":{"start":{"line":18,"column":0},"end":{"line":24,"column":5}},"11":{"start":{"line":20,"column":18},"end":{"line":20,"column":96}},"12":{"start":{"line":22,"column":18},"end":{"line":22,"column":62}},"13":{"start":{"line":23,"column":4},"end":{"line":23,"column":27}},"14":{"start":{"line":26,"column":0},"end":{"line":30,"column":3}},"15":{"start":{"line":27,"column":2},"end":{"line":29,"column":3}},"16":{"start":{"line":28,"column":4},"end":{"line":28,"column":32}},"17":{"start":{"line":32,"column":0},"end":{"line":32,"column":25}},"18":{"start":{"line":33,"column":0},"end":{"line":33,"column":25}},"19":{"start":{"line":35,"column":0},"end":{"line":35,"column":20}}},"fnMap":{"0":{"name":"(anonymous_0)","decl":{"start":{"line":20,"column":10},"end":{"line":20,"column":11}},"loc":{"start":{"line":20,"column":18},"end":{"line":20,"column":96}},"line":20},"1":{"name":"(anonymous_1)","decl":{"start":{"line":21,"column":11},"end":{"line":21,"column":12}},"loc":{"start":{"line":21,"column":21},"end":{"line":24,"column":3}},"line":21},"2":{"name":"(anonymous_2)","decl":{"start":{"line":26,"column":24},"end":{"line":26,"column":25}},"loc":{"start":{"line":26,"column":39},"end":{"line":30,"column":1}},"line":26}},"branchMap":{"0":{"loc":{"start":{"line":8,"column":12},"end":{"line":8,"column":49}},"type":"binary-expr","locations":[{"start":{"line":8,"column":12},"end":{"line":8,"column":32}},{"start":{"line":8,"column":36},"end":{"line":8,"column":49}}],"line":8},"1":{"loc":{"start":{"line":12,"column":0},"end":{"line":16,"column":1}},"type":"if","locations":[{"start":{"line":12,"column":0},"end":{"line":16,"column":1}},{"start":{"line":12,"column":0},"end":{"line":16,"column":1}}],"line":12},"2":{"loc":{"start":{"line":20,"column":18},"end":{"line":20,"column":96}},"type":"binary-expr","locations":[{"start":{"line":20,"column":19},"end":{"line":20,"column":42}},{"start":{"line":20,"column":48},"end":{"line":20,"column":65}},{"start":{"line":20,"column":71},"end":{"line":20,"column":95}}],"line":20},"3":{"loc":{"start":{"line":27,"column":2},"end":{"line":29,"column":3}},"type":"if","locations":[{"start":{"line":27,"column":2},"end":{"line":29,"column":3}},{"start":{"line":27,"column":2},"end":{"line":29,"column":3}}],"line":27}},"s":{"0":12,"1":12,"2":12,"3":12,"4":12,"5":12,"6":12,"7":12,"8":0,"9":12,"10":12,"11":60,"12":48,"13":48,"14":12,"15":48,"16":0,"17":12,"18":12,"19":12},"f":{"0":60,"1":48,"2":48},"b":{"0":[12,0],"1":[0,12],"2":[60,60,48],"3":[0,48]},"_coverageSchema":"332fd63041d2c1bcb487cc26dd0d5f7d97098a6c","hash":"1c066cb8ba40560a500e5654f9ed992c6f393933"}
,"/Users/ramprasadagarwal/Desktop/TechUniversity2018/forthEvaluation/models/options.js": {"path":"/Users/ramprasadagarwal/Desktop/TechUniversity2018/forthEvaluation/models/options.js","statementMap":{"0":{"start":{"line":2,"column":0},"end":{"line":14,"column":2}},"1":{"start":{"line":3,"column":16},"end":{"line":12,"column":4}},"2":{"start":{"line":13,"column":2},"end":{"line":13,"column":17}}},"fnMap":{"0":{"name":"(anonymous_0)","decl":{"start":{"line":2,"column":17},"end":{"line":2,"column":18}},"loc":{"start":{"line":2,"column":43},"end":{"line":14,"column":1}},"line":2},"1":{"name":"(anonymous_1)","decl":{"start":{"line":8,"column":17},"end":{"line":8,"column":18}},"loc":{"start":{"line":8,"column":34},"end":{"line":10,"column":7}},"line":8}},"branchMap":{},"s":{"0":12,"1":12,"2":12},"f":{"0":12,"1":0},"b":{},"_coverageSchema":"332fd63041d2c1bcb487cc26dd0d5f7d97098a6c","hash":"0405e46987ccfc48c7531e2cc61c438598fa28ed"}
,"/Users/ramprasadagarwal/Desktop/TechUniversity2018/forthEvaluation/models/questions.js": {"path":"/Users/ramprasadagarwal/Desktop/TechUniversity2018/forthEvaluation/models/questions.js","statementMap":{"0":{"start":{"line":3,"column":0},"end":{"line":16,"column":2}},"1":{"start":{"line":4,"column":20},"end":{"line":14,"column":4}},"2":{"start":{"line":15,"column":2},"end":{"line":15,"column":19}}},"fnMap":{"0":{"name":"(anonymous_0)","decl":{"start":{"line":3,"column":17},"end":{"line":3,"column":18}},"loc":{"start":{"line":3,"column":43},"end":{"line":16,"column":1}},"line":3}},"branchMap":{},"s":{"0":12,"1":12,"2":12},"f":{"0":12},"b":{},"_coverageSchema":"332fd63041d2c1bcb487cc26dd0d5f7d97098a6c","hash":"44ed546ec8ff3adb249d955ae717d15af3bb3527"}
,"/Users/ramprasadagarwal/Desktop/TechUniversity2018/forthEvaluation/models/users.js": {"path":"/Users/ramprasadagarwal/Desktop/TechUniversity2018/forthEvaluation/models/users.js","statementMap":{"0":{"start":{"line":2,"column":0},"end":{"line":15,"column":2}},"1":{"start":{"line":3,"column":14},"end":{"line":13,"column":4}},"2":{"start":{"line":14,"column":2},"end":{"line":14,"column":15}}},"fnMap":{"0":{"name":"(anonymous_0)","decl":{"start":{"line":2,"column":17},"end":{"line":2,"column":18}},"loc":{"start":{"line":2,"column":43},"end":{"line":15,"column":1}},"line":2},"1":{"name":"(anonymous_1)","decl":{"start":{"line":9,"column":17},"end":{"line":9,"column":18}},"loc":{"start":{"line":9,"column":34},"end":{"line":11,"column":7}},"line":9}},"branchMap":{},"s":{"0":12,"1":12,"2":12},"f":{"0":12,"1":0},"b":{},"_coverageSchema":"332fd63041d2c1bcb487cc26dd0d5f7d97098a6c","hash":"9eb0b6bb62dca7b04556d0ad2a614d9e68a8361f"}
,"/Users/ramprasadagarwal/Desktop/TechUniversity2018/forthEvaluation/src/server.js": {"path":"/Users/ramprasadagarwal/Desktop/TechUniversity2018/forthEvaluation/src/server.js","statementMap":{"0":{"start":{"line":1,"column":13},"end":{"line":1,"column":28}},"1":{"start":{"line":2,"column":15},"end":{"line":2,"column":34}},"2":{"start":{"line":4,"column":15},"end":{"line":4,"column":32}},"3":{"start":{"line":6,"column":0},"end":{"line":9,"column":3}},"4":{"start":{"line":11,"column":0},"end":{"line":11,"column":21}},"5":{"start":{"line":13,"column":0},"end":{"line":18,"column":1}},"6":{"start":{"line":14,"column":2},"end":{"line":17,"column":5}},"7":{"start":{"line":15,"column":4},"end":{"line":15,"column":23}},"8":{"start":{"line":15,"column":13},"end":{"line":15,"column":23}},"9":{"start":{"line":16,"column":4},"end":{"line":16,"column":54}},"10":{"start":{"line":20,"column":0},"end":{"line":20,"column":24}}},"fnMap":{"0":{"name":"(anonymous_0)","decl":{"start":{"line":14,"column":15},"end":{"line":14,"column":16}},"loc":{"start":{"line":14,"column":24},"end":{"line":17,"column":3}},"line":14}},"branchMap":{"0":{"loc":{"start":{"line":13,"column":0},"end":{"line":18,"column":1}},"type":"if","locations":[{"start":{"line":13,"column":0},"end":{"line":18,"column":1}},{"start":{"line":13,"column":0},"end":{"line":18,"column":1}}],"line":13},"1":{"loc":{"start":{"line":15,"column":4},"end":{"line":15,"column":23}},"type":"if","locations":[{"start":{"line":15,"column":4},"end":{"line":15,"column":23}},{"start":{"line":15,"column":4},"end":{"line":15,"column":23}}],"line":15}},"s":{"0":5,"1":5,"2":5,"3":5,"4":5,"5":5,"6":0,"7":0,"8":0,"9":0,"10":5},"f":{"0":0},"b":{"0":[0,5],"1":[0,0]},"_coverageSchema":"332fd63041d2c1bcb487cc26dd0d5f7d97098a6c","hash":"f160838d1634f49363c6a6b444b2db356e1b0cbe"}
,"/Users/ramprasadagarwal/Desktop/TechUniversity2018/forthEvaluation/src/routes/answer.js": {"path":"/Users/ramprasadagarwal/Desktop/TechUniversity2018/forthEvaluation/src/routes/answer.js","statementMap":{"0":{"start":{"line":1,"column":15},"end":{"line":1,"column":38}},"1":{"start":{"line":2,"column":23},"end":{"line":2,"column":65}},"2":{"start":{"line":4,"column":0},"end":{"line":36,"column":2}},"3":{"start":{"line":8,"column":17},"end":{"line":8,"column":36}},"4":{"start":{"line":9,"column":4},"end":{"line":34,"column":9}},"5":{"start":{"line":16,"column":8},"end":{"line":33,"column":9}},"6":{"start":{"line":17,"column":10},"end":{"line":20,"column":15}},"7":{"start":{"line":19,"column":14},"end":{"line":19,"column":36}},"8":{"start":{"line":22,"column":10},"end":{"line":32,"column":15}},"9":{"start":{"line":31,"column":14},"end":{"line":31,"column":36}}},"fnMap":{"0":{"name":"(anonymous_0)","decl":{"start":{"line":7,"column":11},"end":{"line":7,"column":12}},"loc":{"start":{"line":7,"column":25},"end":{"line":35,"column":3}},"line":7},"1":{"name":"(anonymous_1)","decl":{"start":{"line":15,"column":12},"end":{"line":15,"column":13}},"loc":{"start":{"line":15,"column":24},"end":{"line":34,"column":7}},"line":15},"2":{"name":"(anonymous_2)","decl":{"start":{"line":18,"column":18},"end":{"line":18,"column":19}},"loc":{"start":{"line":18,"column":24},"end":{"line":20,"column":13}},"line":18},"3":{"name":"(anonymous_3)","decl":{"start":{"line":30,"column":18},"end":{"line":30,"column":19}},"loc":{"start":{"line":30,"column":24},"end":{"line":32,"column":13}},"line":30}},"branchMap":{"0":{"loc":{"start":{"line":16,"column":8},"end":{"line":33,"column":9}},"type":"if","locations":[{"start":{"line":16,"column":8},"end":{"line":33,"column":9}},{"start":{"line":16,"column":8},"end":{"line":33,"column":9}}],"line":16}},"s":{"0":5,"1":5,"2":5,"3":2,"4":2,"5":2,"6":1,"7":1,"8":1,"9":1},"f":{"0":2,"1":2,"2":1,"3":1},"b":{"0":[1,1]},"_coverageSchema":"332fd63041d2c1bcb487cc26dd0d5f7d97098a6c","hash":"866f559070ebfaa13455ebac29a8776233b6177c"}
,"/Users/ramprasadagarwal/Desktop/TechUniversity2018/forthEvaluation/src/routes/fetch.js": {"path":"/Users/ramprasadagarwal/Desktop/TechUniversity2018/forthEvaluation/src/routes/fetch.js","statementMap":{"0":{"start":{"line":1,"column":21},"end":{"line":1,"column":61}},"1":{"start":{"line":2,"column":18},"end":{"line":2,"column":55}},"2":{"start":{"line":3,"column":17},"end":{"line":3,"column":53}},"3":{"start":{"line":5,"column":0},"end":{"line":27,"column":2}},"4":{"start":{"line":9,"column":4},"end":{"line":25,"column":9}},"5":{"start":{"line":11,"column":8},"end":{"line":24,"column":9}},"6":{"start":{"line":12,"column":10},"end":{"line":18,"column":15}},"7":{"start":{"line":14,"column":14},"end":{"line":17,"column":19}},"8":{"start":{"line":16,"column":18},"end":{"line":16,"column":48}},"9":{"start":{"line":20,"column":10},"end":{"line":23,"column":15}},"10":{"start":{"line":22,"column":14},"end":{"line":22,"column":44}}},"fnMap":{"0":{"name":"(anonymous_0)","decl":{"start":{"line":8,"column":11},"end":{"line":8,"column":12}},"loc":{"start":{"line":8,"column":25},"end":{"line":26,"column":3}},"line":8},"1":{"name":"(anonymous_1)","decl":{"start":{"line":10,"column":12},"end":{"line":10,"column":13}},"loc":{"start":{"line":10,"column":23},"end":{"line":25,"column":7}},"line":10},"2":{"name":"(anonymous_2)","decl":{"start":{"line":13,"column":18},"end":{"line":13,"column":19}},"loc":{"start":{"line":13,"column":24},"end":{"line":18,"column":13}},"line":13},"3":{"name":"(anonymous_3)","decl":{"start":{"line":15,"column":22},"end":{"line":15,"column":23}},"loc":{"start":{"line":15,"column":42},"end":{"line":17,"column":17}},"line":15},"4":{"name":"(anonymous_4)","decl":{"start":{"line":21,"column":18},"end":{"line":21,"column":19}},"loc":{"start":{"line":21,"column":38},"end":{"line":23,"column":13}},"line":21}},"branchMap":{"0":{"loc":{"start":{"line":11,"column":8},"end":{"line":24,"column":9}},"type":"if","locations":[{"start":{"line":11,"column":8},"end":{"line":24,"column":9}},{"start":{"line":11,"column":8},"end":{"line":24,"column":9}}],"line":11}},"s":{"0":5,"1":5,"2":5,"3":5,"4":2,"5":2,"6":1,"7":1,"8":1,"9":1,"10":1},"f":{"0":2,"1":2,"2":1,"3":1,"4":1},"b":{"0":[1,1]},"_coverageSchema":"332fd63041d2c1bcb487cc26dd0d5f7d97098a6c","hash":"755e168ca866caeec18123280b44dd50755eb1b6"}
,"/Users/ramprasadagarwal/Desktop/TechUniversity2018/forthEvaluation/src/routes/getuserstate.js": {"path":"/Users/ramprasadagarwal/Desktop/TechUniversity2018/forthEvaluation/src/routes/getuserstate.js","statementMap":{"0":{"start":{"line":1,"column":23},"end":{"line":1,"column":65}},"1":{"start":{"line":2,"column":15},"end":{"line":2,"column":38}},"2":{"start":{"line":4,"column":0},"end":{"line":21,"column":2}},"3":{"start":{"line":8,"column":20},"end":{"line":8,"column":39}},"4":{"start":{"line":9,"column":4},"end":{"line":19,"column":37}},"5":{"start":{"line":15,"column":8},"end":{"line":18,"column":11}},"6":{"start":{"line":15,"column":34},"end":{"line":18,"column":9}},"7":{"start":{"line":19,"column":23},"end":{"line":19,"column":35}}},"fnMap":{"0":{"name":"(anonymous_0)","decl":{"start":{"line":7,"column":11},"end":{"line":7,"column":12}},"loc":{"start":{"line":7,"column":25},"end":{"line":20,"column":3}},"line":7},"1":{"name":"(anonymous_1)","decl":{"start":{"line":14,"column":12},"end":{"line":14,"column":13}},"loc":{"start":{"line":15,"column":8},"end":{"line":18,"column":11}},"line":15},"2":{"name":"(anonymous_2)","decl":{"start":{"line":15,"column":19},"end":{"line":15,"column":20}},"loc":{"start":{"line":15,"column":34},"end":{"line":18,"column":9}},"line":15},"3":{"name":"(anonymous_3)","decl":{"start":{"line":19,"column":12},"end":{"line":19,"column":13}},"loc":{"start":{"line":19,"column":23},"end":{"line":19,"column":35}},"line":19}},"branchMap":{},"s":{"0":5,"1":5,"2":5,"3":1,"4":1,"5":1,"6":0,"7":1},"f":{"0":1,"1":1,"2":0,"3":1},"b":{},"_coverageSchema":"332fd63041d2c1bcb487cc26dd0d5f7d97098a6c","hash":"61800be7410629bab3e8d89d8cb6d457d8d8c8c8"}
,"/Users/ramprasadagarwal/Desktop/TechUniversity2018/forthEvaluation/src/routes/index.js": {"path":"/Users/ramprasadagarwal/Desktop/TechUniversity2018/forthEvaluation/src/routes/index.js","statementMap":{"0":{"start":{"line":1,"column":14},"end":{"line":1,"column":32}},"1":{"start":{"line":2,"column":14},"end":{"line":2,"column":32}},"2":{"start":{"line":3,"column":15},"end":{"line":3,"column":34}},"3":{"start":{"line":4,"column":14},"end":{"line":4,"column":32}},"4":{"start":{"line":5,"column":21},"end":{"line":5,"column":46}},"5":{"start":{"line":7,"column":0},"end":{"line":11,"column":53}},"6":{"start":{"line":10,"column":25},"end":{"line":10,"column":46}}},"fnMap":{"0":{"name":"(anonymous_0)","decl":{"start":{"line":10,"column":11},"end":{"line":10,"column":12}},"loc":{"start":{"line":10,"column":25},"end":{"line":10,"column":46}},"line":10}},"branchMap":{},"s":{"0":5,"1":5,"2":5,"3":5,"4":5,"5":5,"6":1},"f":{"0":1},"b":{},"_coverageSchema":"332fd63041d2c1bcb487cc26dd0d5f7d97098a6c","hash":"c75cad9b468f2782972d13017116acc8b6d60d62"}
,"/Users/ramprasadagarwal/Desktop/TechUniversity2018/forthEvaluation/src/routes/login.js": {"path":"/Users/ramprasadagarwal/Desktop/TechUniversity2018/forthEvaluation/src/routes/login.js","statementMap":{"0":{"start":{"line":1,"column":25},"end":{"line":1,"column":69}},"1":{"start":{"line":2,"column":19},"end":{"line":2,"column":57}},"2":{"start":{"line":3,"column":23},"end":{"line":3,"column":65}},"3":{"start":{"line":5,"column":0},"end":{"line":23,"column":2}},"4":{"start":{"line":9,"column":21},"end":{"line":9,"column":40}},"5":{"start":{"line":10,"column":4},"end":{"line":21,"column":9}},"6":{"start":{"line":12,"column":8},"end":{"line":20,"column":9}},"7":{"start":{"line":13,"column":10},"end":{"line":17,"column":15}},"8":{"start":{"line":15,"column":14},"end":{"line":15,"column":34}},"9":{"start":{"line":16,"column":14},"end":{"line":16,"column":48}},"10":{"start":{"line":19,"column":10},"end":{"line":19,"column":44}}},"fnMap":{"0":{"name":"(anonymous_0)","decl":{"start":{"line":8,"column":11},"end":{"line":8,"column":12}},"loc":{"start":{"line":8,"column":25},"end":{"line":22,"column":3}},"line":8},"1":{"name":"(anonymous_1)","decl":{"start":{"line":11,"column":12},"end":{"line":11,"column":13}},"loc":{"start":{"line":11,"column":22},"end":{"line":21,"column":7}},"line":11},"2":{"name":"(anonymous_2)","decl":{"start":{"line":14,"column":18},"end":{"line":14,"column":19}},"loc":{"start":{"line":14,"column":31},"end":{"line":17,"column":13}},"line":14}},"branchMap":{"0":{"loc":{"start":{"line":12,"column":8},"end":{"line":20,"column":9}},"type":"if","locations":[{"start":{"line":12,"column":8},"end":{"line":20,"column":9}},{"start":{"line":12,"column":8},"end":{"line":20,"column":9}}],"line":12}},"s":{"0":5,"1":5,"2":5,"3":5,"4":2,"5":2,"6":2,"7":1,"8":1,"9":1,"10":1},"f":{"0":2,"1":2,"2":1},"b":{"0":[1,1]},"_coverageSchema":"332fd63041d2c1bcb487cc26dd0d5f7d97098a6c","hash":"fc2f74a0d40e2f20d33cd528e08209524e75ebf8"}
,"/Users/ramprasadagarwal/Desktop/TechUniversity2018/forthEvaluation/src/routes/score.js": {"path":"/Users/ramprasadagarwal/Desktop/TechUniversity2018/forthEvaluation/src/routes/score.js","statementMap":{"0":{"start":{"line":1,"column":15},"end":{"line":1,"column":38}},"1":{"start":{"line":2,"column":23},"end":{"line":2,"column":65}},"2":{"start":{"line":4,"column":0},"end":{"line":52,"column":2}},"3":{"start":{"line":8,"column":17},"end":{"line":8,"column":36}},"4":{"start":{"line":9,"column":4},"end":{"line":50,"column":9}},"5":{"start":{"line":11,"column":8},"end":{"line":49,"column":11}},"6":{"start":{"line":16,"column":22},"end":{"line":16,"column":23}},"7":{"start":{"line":17,"column":10},"end":{"line":23,"column":11}},"8":{"start":{"line":18,"column":12},"end":{"line":22,"column":13}},"9":{"start":{"line":19,"column":14},"end":{"line":21,"column":15}},"10":{"start":{"line":20,"column":16},"end":{"line":20,"column":27}},"11":{"start":{"line":24,"column":10},"end":{"line":24,"column":23}},"12":{"start":{"line":26,"column":10},"end":{"line":48,"column":15}},"13":{"start":{"line":37,"column":14},"end":{"line":47,"column":55}},"14":{"start":{"line":43,"column":32},"end":{"line":46,"column":19}},"15":{"start":{"line":43,"column":52},"end":{"line":46,"column":17}},"16":{"start":{"line":47,"column":32},"end":{"line":47,"column":53}}},"fnMap":{"0":{"name":"(anonymous_0)","decl":{"start":{"line":7,"column":11},"end":{"line":7,"column":12}},"loc":{"start":{"line":7,"column":25},"end":{"line":51,"column":3}},"line":7},"1":{"name":"(anonymous_1)","decl":{"start":{"line":10,"column":12},"end":{"line":10,"column":13}},"loc":{"start":{"line":10,"column":30},"end":{"line":50,"column":7}},"line":10},"2":{"name":"(anonymous_2)","decl":{"start":{"line":15,"column":16},"end":{"line":15,"column":17}},"loc":{"start":{"line":15,"column":36},"end":{"line":25,"column":9}},"line":15},"3":{"name":"(anonymous_3)","decl":{"start":{"line":25,"column":16},"end":{"line":25,"column":17}},"loc":{"start":{"line":25,"column":28},"end":{"line":49,"column":9}},"line":25},"4":{"name":"(anonymous_4)","decl":{"start":{"line":36,"column":18},"end":{"line":36,"column":19}},"loc":{"start":{"line":36,"column":24},"end":{"line":48,"column":13}},"line":36},"5":{"name":"(anonymous_5)","decl":{"start":{"line":43,"column":22},"end":{"line":43,"column":23}},"loc":{"start":{"line":43,"column":32},"end":{"line":46,"column":19}},"line":43},"6":{"name":"(anonymous_6)","decl":{"start":{"line":43,"column":43},"end":{"line":43,"column":44}},"loc":{"start":{"line":43,"column":52},"end":{"line":46,"column":17}},"line":43},"7":{"name":"(anonymous_7)","decl":{"start":{"line":47,"column":22},"end":{"line":47,"column":23}},"loc":{"start":{"line":47,"column":32},"end":{"line":47,"column":53}},"line":47}},"branchMap":{"0":{"loc":{"start":{"line":19,"column":14},"end":{"line":21,"column":15}},"type":"if","locations":[{"start":{"line":19,"column":14},"end":{"line":21,"column":15}},{"start":{"line":19,"column":14},"end":{"line":21,"column":15}}],"line":19},"1":{"loc":{"start":{"line":19,"column":18},"end":{"line":19,"column":176}},"type":"binary-expr","locations":[{"start":{"line":19,"column":18},"end":{"line":19,"column":99}},{"start":{"line":19,"column":103},"end":{"line":19,"column":176}}],"line":19}},"s":{"0":5,"1":5,"2":5,"3":0,"4":0,"5":0,"6":0,"7":0,"8":0,"9":0,"10":0,"11":0,"12":0,"13":0,"14":0,"15":0,"16":0},"f":{"0":0,"1":0,"2":0,"3":0,"4":0,"5":0,"6":0,"7":0},"b":{"0":[0,0],"1":[0,0]},"_coverageSchema":"332fd63041d2c1bcb487cc26dd0d5f7d97098a6c","hash":"10ce677383058d7e1756579e37c90e24345f9502"}
,"/Users/ramprasadagarwal/Desktop/TechUniversity2018/forthEvaluation/src/utils/helpers/createUser.js": {"path":"/Users/ramprasadagarwal/Desktop/TechUniversity2018/forthEvaluation/src/utils/helpers/createUser.js","statementMap":{"0":{"start":{"line":1,"column":15},"end":{"line":1,"column":41}},"1":{"start":{"line":3,"column":19},"end":{"line":8,"column":21}},"2":{"start":{"line":3,"column":31},"end":{"line":8,"column":21}},"3":{"start":{"line":7,"column":16},"end":{"line":7,"column":20}},"4":{"start":{"line":8,"column":16},"end":{"line":8,"column":20}},"5":{"start":{"line":10,"column":0},"end":{"line":10,"column":28}}},"fnMap":{"0":{"name":"(anonymous_0)","decl":{"start":{"line":3,"column":19},"end":{"line":3,"column":20}},"loc":{"start":{"line":3,"column":31},"end":{"line":8,"column":21}},"line":3},"1":{"name":"(anonymous_1)","decl":{"start":{"line":7,"column":8},"end":{"line":7,"column":9}},"loc":{"start":{"line":7,"column":16},"end":{"line":7,"column":20}},"line":7},"2":{"name":"(anonymous_2)","decl":{"start":{"line":8,"column":9},"end":{"line":8,"column":10}},"loc":{"start":{"line":8,"column":16},"end":{"line":8,"column":20}},"line":8}},"branchMap":{},"s":{"0":6,"1":6,"2":2,"3":2,"4":0,"5":6},"f":{"0":2,"1":2,"2":0},"b":{},"_coverageSchema":"332fd63041d2c1bcb487cc26dd0d5f7d97098a6c","hash":"6577da712905a90559bc137771b2a03318444f52"}
,"/Users/ramprasadagarwal/Desktop/TechUniversity2018/forthEvaluation/src/utils/helpers/fetchUserDetails.js": {"path":"/Users/ramprasadagarwal/Desktop/TechUniversity2018/forthEvaluation/src/utils/helpers/fetchUserDetails.js","statementMap":{"0":{"start":{"line":1,"column":15},"end":{"line":1,"column":41}},"1":{"start":{"line":3,"column":25},"end":{"line":9,"column":21}},"2":{"start":{"line":3,"column":37},"end":{"line":9,"column":21}},"3":{"start":{"line":8,"column":16},"end":{"line":8,"column":20}},"4":{"start":{"line":9,"column":16},"end":{"line":9,"column":20}},"5":{"start":{"line":11,"column":0},"end":{"line":11,"column":34}}},"fnMap":{"0":{"name":"(anonymous_0)","decl":{"start":{"line":3,"column":25},"end":{"line":3,"column":26}},"loc":{"start":{"line":3,"column":37},"end":{"line":9,"column":21}},"line":3},"1":{"name":"(anonymous_1)","decl":{"start":{"line":8,"column":8},"end":{"line":8,"column":9}},"loc":{"start":{"line":8,"column":16},"end":{"line":8,"column":20}},"line":8},"2":{"name":"(anonymous_2)","decl":{"start":{"line":9,"column":9},"end":{"line":9,"column":10}},"loc":{"start":{"line":9,"column":16},"end":{"line":9,"column":20}},"line":9}},"branchMap":{},"s":{"0":6,"1":6,"2":4,"3":4,"4":0,"5":6},"f":{"0":4,"1":4,"2":0},"b":{},"_coverageSchema":"332fd63041d2c1bcb487cc26dd0d5f7d97098a6c","hash":"5700fb8c436b11e920042caf8a886e167510d2a2"}
,"/Users/ramprasadagarwal/Desktop/TechUniversity2018/forthEvaluation/src/utils/helpers/fetchdataByUrl.js": {"path":"/Users/ramprasadagarwal/Desktop/TechUniversity2018/forthEvaluation/src/utils/helpers/fetchdataByUrl.js","statementMap":{"0":{"start":{"line":1,"column":11},"end":{"line":1,"column":37}},"1":{"start":{"line":3,"column":0},"end":{"line":3,"column":33}},"2":{"start":{"line":3,"column":26},"end":{"line":3,"column":33}}},"fnMap":{"0":{"name":"(anonymous_0)","decl":{"start":{"line":3,"column":17},"end":{"line":3,"column":18}},"loc":{"start":{"line":3,"column":26},"end":{"line":3,"column":33}},"line":3}},"branchMap":{},"s":{"0":9,"1":9,"2":144},"f":{"0":144},"b":{},"_coverageSchema":"332fd63041d2c1bcb487cc26dd0d5f7d97098a6c","hash":"6b6cdf0687bf4783a15e349b887c4a6db33792c4"}
,"/Users/ramprasadagarwal/Desktop/TechUniversity2018/forthEvaluation/src/utils/helpers/getFormPayload.js": {"path":"/Users/ramprasadagarwal/Desktop/TechUniversity2018/forthEvaluation/src/utils/helpers/getFormPayload.js","statementMap":{"0":{"start":{"line":1,"column":0},"end":{"line":6,"column":2}},"1":{"start":{"line":2,"column":2},"end":{"line":4,"column":3}},"2":{"start":{"line":3,"column":4},"end":{"line":3,"column":36}},"3":{"start":{"line":5,"column":2},"end":{"line":5,"column":22}}},"fnMap":{"0":{"name":"(anonymous_0)","decl":{"start":{"line":1,"column":17},"end":{"line":1,"column":18}},"loc":{"start":{"line":1,"column":27},"end":{"line":6,"column":1}},"line":1}},"branchMap":{"0":{"loc":{"start":{"line":2,"column":2},"end":{"line":4,"column":3}},"type":"if","locations":[{"start":{"line":2,"column":2},"end":{"line":4,"column":3}},{"start":{"line":2,"column":2},"end":{"line":4,"column":3}}],"line":2}},"s":{"0":6,"1":7,"2":1,"3":6},"f":{"0":7},"b":{"0":[1,6]},"_coverageSchema":"332fd63041d2c1bcb487cc26dd0d5f7d97098a6c","hash":"aa1ad89e53ee39e82f83b7b201d33aaf59786232"}
,"/Users/ramprasadagarwal/Desktop/TechUniversity2018/forthEvaluation/src/utils/helpers/getQuestions.js": {"path":"/Users/ramprasadagarwal/Desktop/TechUniversity2018/forthEvaluation/src/utils/helpers/getQuestions.js","statementMap":{"0":{"start":{"line":1,"column":15},"end":{"line":1,"column":41}},"1":{"start":{"line":3,"column":21},"end":{"line":30,"column":43}},"2":{"start":{"line":3,"column":27},"end":{"line":30,"column":43}},"3":{"start":{"line":5,"column":24},"end":{"line":5,"column":36}},"4":{"start":{"line":6,"column":25},"end":{"line":6,"column":27}},"5":{"start":{"line":7,"column":4},"end":{"line":27,"column":7}},"6":{"start":{"line":8,"column":26},"end":{"line":11,"column":7}},"7":{"start":{"line":12,"column":30},"end":{"line":25,"column":18}},"8":{"start":{"line":18,"column":31},"end":{"line":20,"column":13}},"9":{"start":{"line":18,"column":61},"end":{"line":20,"column":11}},"10":{"start":{"line":21,"column":10},"end":{"line":21,"column":45}},"11":{"start":{"line":22,"column":10},"end":{"line":22,"column":29}},"12":{"start":{"line":25,"column":10},"end":{"line":25,"column":17}},"13":{"start":{"line":26,"column":6},"end":{"line":26,"column":48}},"14":{"start":{"line":28,"column":4},"end":{"line":29,"column":30}},"15":{"start":{"line":29,"column":22},"end":{"line":29,"column":28}},"16":{"start":{"line":30,"column":28},"end":{"line":30,"column":42}},"17":{"start":{"line":32,"column":0},"end":{"line":32,"column":30}}},"fnMap":{"0":{"name":"(anonymous_0)","decl":{"start":{"line":3,"column":21},"end":{"line":3,"column":22}},"loc":{"start":{"line":3,"column":27},"end":{"line":30,"column":43}},"line":3},"1":{"name":"(anonymous_1)","decl":{"start":{"line":4,"column":8},"end":{"line":4,"column":9}},"loc":{"start":{"line":4,"column":26},"end":{"line":30,"column":3}},"line":4},"2":{"name":"(anonymous_2)","decl":{"start":{"line":7,"column":20},"end":{"line":7,"column":21}},"loc":{"start":{"line":7,"column":34},"end":{"line":27,"column":5}},"line":7},"3":{"name":"(anonymous_3)","decl":{"start":{"line":17,"column":14},"end":{"line":17,"column":15}},"loc":{"start":{"line":17,"column":30},"end":{"line":23,"column":9}},"line":17},"4":{"name":"(anonymous_4)","decl":{"start":{"line":18,"column":46},"end":{"line":18,"column":47}},"loc":{"start":{"line":18,"column":61},"end":{"line":20,"column":11}},"line":18},"5":{"name":"(anonymous_5)","decl":{"start":{"line":24,"column":14},"end":{"line":24,"column":15}},"loc":{"start":{"line":25,"column":10},"end":{"line":25,"column":17}},"line":25},"6":{"name":"(anonymous_6)","decl":{"start":{"line":29,"column":12},"end":{"line":29,"column":13}},"loc":{"start":{"line":29,"column":22},"end":{"line":29,"column":28}},"line":29},"7":{"name":"(anonymous_7)","decl":{"start":{"line":30,"column":10},"end":{"line":30,"column":11}},"loc":{"start":{"line":30,"column":28},"end":{"line":30,"column":42}},"line":30}},"branchMap":{},"s":{"0":6,"1":6,"2":3,"3":3,"4":3,"5":3,"6":51,"7":51,"8":51,"9":412,"10":51,"11":51,"12":51,"13":51,"14":3,"15":3,"16":3,"17":6},"f":{"0":3,"1":3,"2":51,"3":51,"4":412,"5":51,"6":3,"7":3},"b":{},"_coverageSchema":"332fd63041d2c1bcb487cc26dd0d5f7d97098a6c","hash":"47621d95a19ca1f6d29f470774f743a853605c49"}
,"/Users/ramprasadagarwal/Desktop/TechUniversity2018/forthEvaluation/src/utils/helpers/insertOptions.js": {"path":"/Users/ramprasadagarwal/Desktop/TechUniversity2018/forthEvaluation/src/utils/helpers/insertOptions.js","statementMap":{"0":{"start":{"line":1,"column":14},"end":{"line":1,"column":40}},"1":{"start":{"line":3,"column":0},"end":{"line":4,"column":26}},"2":{"start":{"line":3,"column":25},"end":{"line":4,"column":25}},"3":{"start":{"line":4,"column":18},"end":{"line":4,"column":24}}},"fnMap":{"0":{"name":"(anonymous_0)","decl":{"start":{"line":3,"column":17},"end":{"line":3,"column":18}},"loc":{"start":{"line":3,"column":25},"end":{"line":4,"column":25}},"line":3},"1":{"name":"(anonymous_1)","decl":{"start":{"line":4,"column":8},"end":{"line":4,"column":9}},"loc":{"start":{"line":4,"column":18},"end":{"line":4,"column":24}},"line":4}},"branchMap":{},"s":{"0":9,"1":9,"2":133,"3":133},"f":{"0":133,"1":133},"b":{},"_coverageSchema":"332fd63041d2c1bcb487cc26dd0d5f7d97098a6c","hash":"629b4530d188b2003043b093733f6b861e12d0da"}
,"/Users/ramprasadagarwal/Desktop/TechUniversity2018/forthEvaluation/src/utils/helpers/insertQuestion.js": {"path":"/Users/ramprasadagarwal/Desktop/TechUniversity2018/forthEvaluation/src/utils/helpers/insertQuestion.js","statementMap":{"0":{"start":{"line":1,"column":14},"end":{"line":1,"column":40}},"1":{"start":{"line":3,"column":0},"end":{"line":4,"column":26}},"2":{"start":{"line":3,"column":25},"end":{"line":4,"column":25}},"3":{"start":{"line":4,"column":18},"end":{"line":4,"column":24}}},"fnMap":{"0":{"name":"(anonymous_0)","decl":{"start":{"line":3,"column":17},"end":{"line":3,"column":18}},"loc":{"start":{"line":3,"column":25},"end":{"line":4,"column":25}},"line":3},"1":{"name":"(anonymous_1)","decl":{"start":{"line":4,"column":8},"end":{"line":4,"column":9}},"loc":{"start":{"line":4,"column":18},"end":{"line":4,"column":24}},"line":4}},"branchMap":{},"s":{"0":9,"1":9,"2":133,"3":133},"f":{"0":133,"1":133},"b":{},"_coverageSchema":"332fd63041d2c1bcb487cc26dd0d5f7d97098a6c","hash":"03d210e813bee694779b93074178293f4a6c56f4"}
,"/Users/ramprasadagarwal/Desktop/TechUniversity2018/forthEvaluation/src/utils/helpers/isDBEmpty.js": {"path":"/Users/ramprasadagarwal/Desktop/TechUniversity2018/forthEvaluation/src/utils/helpers/isDBEmpty.js","statementMap":{"0":{"start":{"line":1,"column":15},"end":{"line":1,"column":41}},"1":{"start":{"line":3,"column":18},"end":{"line":7,"column":4}},"2":{"start":{"line":3,"column":24},"end":{"line":7,"column":4}},"3":{"start":{"line":5,"column":4},"end":{"line":5,"column":47}},"4":{"start":{"line":5,"column":35},"end":{"line":5,"column":47}},"5":{"start":{"line":6,"column":4},"end":{"line":6,"column":17}},"6":{"start":{"line":9,"column":0},"end":{"line":9,"column":27}}},"fnMap":{"0":{"name":"(anonymous_0)","decl":{"start":{"line":3,"column":18},"end":{"line":3,"column":19}},"loc":{"start":{"line":3,"column":24},"end":{"line":7,"column":4}},"line":3},"1":{"name":"(anonymous_1)","decl":{"start":{"line":4,"column":8},"end":{"line":4,"column":9}},"loc":{"start":{"line":4,"column":26},"end":{"line":7,"column":3}},"line":4}},"branchMap":{"0":{"loc":{"start":{"line":5,"column":4},"end":{"line":5,"column":47}},"type":"if","locations":[{"start":{"line":5,"column":4},"end":{"line":5,"column":47}},{"start":{"line":5,"column":4},"end":{"line":5,"column":47}}],"line":5}},"s":{"0":6,"1":6,"2":4,"3":4,"4":2,"5":2,"6":6},"f":{"0":4,"1":4},"b":{"0":[2,2]},"_coverageSchema":"332fd63041d2c1bcb487cc26dd0d5f7d97098a6c","hash":"d967d5078a238cd1a2c901704fdd1785ec99ace7"}
,"/Users/ramprasadagarwal/Desktop/TechUniversity2018/forthEvaluation/src/utils/helpers/populate.js": {"path":"/Users/ramprasadagarwal/Desktop/TechUniversity2018/forthEvaluation/src/utils/helpers/populate.js","statementMap":{"0":{"start":{"line":1,"column":23},"end":{"line":1,"column":50}},"1":{"start":{"line":2,"column":23},"end":{"line":2,"column":50}},"2":{"start":{"line":3,"column":22},"end":{"line":3,"column":48}},"3":{"start":{"line":5,"column":17},"end":{"line":34,"column":4}},"4":{"start":{"line":5,"column":23},"end":{"line":34,"column":4}},"5":{"start":{"line":7,"column":30},"end":{"line":7,"column":67}},"6":{"start":{"line":8,"column":25},"end":{"line":8,"column":27}},"7":{"start":{"line":9,"column":4},"end":{"line":31,"column":7}},"8":{"start":{"line":10,"column":26},"end":{"line":10,"column":34}},"9":{"start":{"line":11,"column":26},"end":{"line":29,"column":10}},"10":{"start":{"line":13,"column":29},"end":{"line":13,"column":54}},"11":{"start":{"line":14,"column":31},"end":{"line":18,"column":11}},"12":{"start":{"line":19,"column":10},"end":{"line":19,"column":46}},"13":{"start":{"line":22,"column":30},"end":{"line":22,"column":32}},"14":{"start":{"line":23,"column":34},"end":{"line":23,"column":69}},"15":{"start":{"line":24,"column":10},"end":{"line":27,"column":11}},"16":{"start":{"line":25,"column":31},"end":{"line":25,"column":43}},"17":{"start":{"line":26,"column":12},"end":{"line":26,"column":99}},"18":{"start":{"line":28,"column":10},"end":{"line":28,"column":44}},"19":{"start":{"line":30,"column":6},"end":{"line":30,"column":37}},"20":{"start":{"line":32,"column":4},"end":{"line":33,"column":30}},"21":{"start":{"line":33,"column":22},"end":{"line":33,"column":28}},"22":{"start":{"line":35,"column":0},"end":{"line":35,"column":26}}},"fnMap":{"0":{"name":"(anonymous_0)","decl":{"start":{"line":5,"column":17},"end":{"line":5,"column":18}},"loc":{"start":{"line":5,"column":23},"end":{"line":34,"column":4}},"line":5},"1":{"name":"(anonymous_1)","decl":{"start":{"line":6,"column":8},"end":{"line":6,"column":9}},"loc":{"start":{"line":6,"column":26},"end":{"line":34,"column":3}},"line":6},"2":{"name":"(anonymous_2)","decl":{"start":{"line":9,"column":26},"end":{"line":9,"column":27}},"loc":{"start":{"line":9,"column":40},"end":{"line":31,"column":5}},"line":9},"3":{"name":"(anonymous_3)","decl":{"start":{"line":12,"column":14},"end":{"line":12,"column":15}},"loc":{"start":{"line":12,"column":33},"end":{"line":20,"column":9}},"line":12},"4":{"name":"(anonymous_4)","decl":{"start":{"line":21,"column":14},"end":{"line":21,"column":15}},"loc":{"start":{"line":21,"column":20},"end":{"line":29,"column":9}},"line":21},"5":{"name":"(anonymous_5)","decl":{"start":{"line":33,"column":12},"end":{"line":33,"column":13}},"loc":{"start":{"line":33,"column":22},"end":{"line":33,"column":28}},"line":33}},"branchMap":{},"s":{"0":8,"1":8,"2":8,"3":8,"4":11,"5":11,"6":11,"7":11,"8":132,"9":132,"10":132,"11":132,"12":132,"13":132,"14":132,"15":132,"16":528,"17":528,"18":132,"19":132,"20":11,"21":11,"22":8},"f":{"0":11,"1":11,"2":132,"3":132,"4":132,"5":11},"b":{},"_coverageSchema":"332fd63041d2c1bcb487cc26dd0d5f7d97098a6c","hash":"4f7fac82c2541a498e46b119803d9dffeb055e05"}
}
