TN:
SF:/Users/ramprasadagarwal/Desktop/TechUniversity2018/forthEvaluation/models/answers.js
FN:2,(anonymous_0)
FN:9,(anonymous_1)
FNF:2
FNH:1
FNDA:12,(anonymous_0)
FNDA:0,(anonymous_1)
DA:2,12
DA:3,12
DA:14,12
LF:3
LH:3
BRF:0
BRH:0
end_of_record
TN:
SF:/Users/ramprasadagarwal/Desktop/TechUniversity2018/forthEvaluation/models/index.js
FN:20,(anonymous_0)
FN:21,(anonymous_1)
FN:26,(anonymous_2)
FNF:3
FNH:3
FNDA:60,(anonymous_0)
FNDA:48,(anonymous_1)
FNDA:48,(anonymous_2)
DA:3,12
DA:4,12
DA:5,12
DA:7,12
DA:8,12
DA:9,12
DA:10,12
DA:12,12
DA:13,0
DA:15,12
DA:18,12
DA:20,60
DA:22,48
DA:23,48
DA:26,12
DA:27,48
DA:28,0
DA:32,12
DA:33,12
DA:35,12
LF:20
LH:18
BRDA:8,0,0,12
BRDA:8,0,1,0
BRDA:12,1,0,0
BRDA:12,1,1,12
BRDA:20,2,0,60
BRDA:20,2,1,60
BRDA:20,2,2,48
BRDA:27,3,0,0
BRDA:27,3,1,48
BRF:9
BRH:6
end_of_record
TN:
SF:/Users/ramprasadagarwal/Desktop/TechUniversity2018/forthEvaluation/models/options.js
FN:2,(anonymous_0)
FN:8,(anonymous_1)
FNF:2
FNH:1
FNDA:12,(anonymous_0)
FNDA:0,(anonymous_1)
DA:2,12
DA:3,12
DA:13,12
LF:3
LH:3
BRF:0
BRH:0
end_of_record
TN:
SF:/Users/ramprasadagarwal/Desktop/TechUniversity2018/forthEvaluation/models/questions.js
FN:3,(anonymous_0)
FNF:1
FNH:1
FNDA:12,(anonymous_0)
DA:3,12
DA:4,12
DA:15,12
LF:3
LH:3
BRF:0
BRH:0
end_of_record
TN:
SF:/Users/ramprasadagarwal/Desktop/TechUniversity2018/forthEvaluation/models/users.js
FN:2,(anonymous_0)
FN:9,(anonymous_1)
FNF:2
FNH:1
FNDA:12,(anonymous_0)
FNDA:0,(anonymous_1)
DA:2,12
DA:3,12
DA:14,12
LF:3
LH:3
BRF:0
BRH:0
end_of_record
TN:
SF:/Users/ramprasadagarwal/Desktop/TechUniversity2018/forthEvaluation/src/server.js
FN:14,(anonymous_0)
FNF:1
FNH:0
FNDA:0,(anonymous_0)
DA:1,5
DA:2,5
DA:4,5
DA:6,5
DA:11,5
DA:13,5
DA:14,0
DA:15,0
DA:16,0
DA:20,5
LF:10
LH:7
BRDA:13,0,0,0
BRDA:13,0,1,5
BRDA:15,1,0,0
BRDA:15,1,1,0
BRF:4
BRH:1
end_of_record
TN:
SF:/Users/ramprasadagarwal/Desktop/TechUniversity2018/forthEvaluation/src/routes/answer.js
FN:7,(anonymous_0)
FN:15,(anonymous_1)
FN:18,(anonymous_2)
FN:30,(anonymous_3)
FNF:4
FNH:4
FNDA:2,(anonymous_0)
FNDA:2,(anonymous_1)
FNDA:1,(anonymous_2)
FNDA:1,(anonymous_3)
DA:1,5
DA:2,5
DA:4,5
DA:8,2
DA:9,2
DA:16,2
DA:17,1
DA:19,1
DA:22,1
DA:31,1
LF:10
LH:10
BRDA:16,0,0,1
BRDA:16,0,1,1
BRF:2
BRH:2
end_of_record
TN:
SF:/Users/ramprasadagarwal/Desktop/TechUniversity2018/forthEvaluation/src/routes/fetch.js
FN:8,(anonymous_0)
FN:10,(anonymous_1)
FN:13,(anonymous_2)
FN:15,(anonymous_3)
FN:21,(anonymous_4)
FNF:5
FNH:5
FNDA:2,(anonymous_0)
FNDA:2,(anonymous_1)
FNDA:1,(anonymous_2)
FNDA:1,(anonymous_3)
FNDA:1,(anonymous_4)
DA:1,5
DA:2,5
DA:3,5
DA:5,5
DA:9,2
DA:11,2
DA:12,1
DA:14,1
DA:16,1
DA:20,1
DA:22,1
LF:11
LH:11
BRDA:11,0,0,1
BRDA:11,0,1,1
BRF:2
BRH:2
end_of_record
TN:
SF:/Users/ramprasadagarwal/Desktop/TechUniversity2018/forthEvaluation/src/routes/getuserstate.js
FN:7,(anonymous_0)
FN:14,(anonymous_1)
FN:15,(anonymous_2)
FN:19,(anonymous_3)
FNF:4
FNH:3
FNDA:1,(anonymous_0)
FNDA:1,(anonymous_1)
FNDA:0,(anonymous_2)
FNDA:1,(anonymous_3)
DA:1,5
DA:2,5
DA:4,5
DA:8,1
DA:9,1
DA:15,1
DA:19,1
LF:7
LH:7
BRF:0
BRH:0
end_of_record
TN:
SF:/Users/ramprasadagarwal/Desktop/TechUniversity2018/forthEvaluation/src/routes/index.js
FN:10,(anonymous_0)
FNF:1
FNH:1
FNDA:1,(anonymous_0)
DA:1,5
DA:2,5
DA:3,5
DA:4,5
DA:5,5
DA:7,5
DA:10,1
LF:7
LH:7
BRF:0
BRH:0
end_of_record
TN:
SF:/Users/ramprasadagarwal/Desktop/TechUniversity2018/forthEvaluation/src/routes/login.js
FN:8,(anonymous_0)
FN:11,(anonymous_1)
FN:14,(anonymous_2)
FNF:3
FNH:3
FNDA:2,(anonymous_0)
FNDA:2,(anonymous_1)
FNDA:1,(anonymous_2)
DA:1,5
DA:2,5
DA:3,5
DA:5,5
DA:9,2
DA:10,2
DA:12,2
DA:13,1
DA:15,1
DA:16,1
DA:19,1
LF:11
LH:11
BRDA:12,0,0,1
BRDA:12,0,1,1
BRF:2
BRH:2
end_of_record
TN:
SF:/Users/ramprasadagarwal/Desktop/TechUniversity2018/forthEvaluation/src/routes/score.js
FN:7,(anonymous_0)
FN:10,(anonymous_1)
FN:15,(anonymous_2)
FN:25,(anonymous_3)
FN:36,(anonymous_4)
FN:43,(anonymous_5)
FN:43,(anonymous_6)
FN:47,(anonymous_7)
FNF:8
FNH:0
FNDA:0,(anonymous_0)
FNDA:0,(anonymous_1)
FNDA:0,(anonymous_2)
FNDA:0,(anonymous_3)
FNDA:0,(anonymous_4)
FNDA:0,(anonymous_5)
FNDA:0,(anonymous_6)
FNDA:0,(anonymous_7)
DA:1,5
DA:2,5
DA:4,5
DA:8,0
DA:9,0
DA:11,0
DA:16,0
DA:17,0
DA:18,0
DA:19,0
DA:20,0
DA:24,0
DA:26,0
DA:37,0
DA:43,0
DA:47,0
LF:16
LH:3
BRDA:19,0,0,0
BRDA:19,0,1,0
BRDA:19,1,0,0
BRDA:19,1,1,0
BRF:4
BRH:0
end_of_record
TN:
SF:/Users/ramprasadagarwal/Desktop/TechUniversity2018/forthEvaluation/src/utils/helpers/createUser.js
FN:3,(anonymous_0)
FN:7,(anonymous_1)
FN:8,(anonymous_2)
FNF:3
FNH:2
FNDA:2,(anonymous_0)
FNDA:2,(anonymous_1)
FNDA:0,(anonymous_2)
DA:1,6
DA:3,6
DA:7,2
DA:8,0
DA:10,6
LF:5
LH:4
BRF:0
BRH:0
end_of_record
TN:
SF:/Users/ramprasadagarwal/Desktop/TechUniversity2018/forthEvaluation/src/utils/helpers/fetchUserDetails.js
FN:3,(anonymous_0)
FN:8,(anonymous_1)
FN:9,(anonymous_2)
FNF:3
FNH:2
FNDA:4,(anonymous_0)
FNDA:4,(anonymous_1)
FNDA:0,(anonymous_2)
DA:1,6
DA:3,6
DA:8,4
DA:9,0
DA:11,6
LF:5
LH:4
BRF:0
BRH:0
end_of_record
TN:
SF:/Users/ramprasadagarwal/Desktop/TechUniversity2018/forthEvaluation/src/utils/helpers/fetchdataByUrl.js
FN:3,(anonymous_0)
FNF:1
FNH:1
FNDA:144,(anonymous_0)
DA:1,9
DA:3,144
LF:2
LH:2
BRF:0
BRH:0
end_of_record
TN:
SF:/Users/ramprasadagarwal/Desktop/TechUniversity2018/forthEvaluation/src/utils/helpers/getFormPayload.js
FN:1,(anonymous_0)
FNF:1
FNH:1
FNDA:7,(anonymous_0)
DA:1,6
DA:2,7
DA:3,1
DA:5,6
LF:4
LH:4
BRDA:2,0,0,1
BRDA:2,0,1,6
BRF:2
BRH:2
end_of_record
TN:
SF:/Users/ramprasadagarwal/Desktop/TechUniversity2018/forthEvaluation/src/utils/helpers/getQuestions.js
FN:3,(anonymous_0)
FN:4,(anonymous_1)
FN:7,(anonymous_2)
FN:17,(anonymous_3)
FN:18,(anonymous_4)
FN:24,(anonymous_5)
FN:29,(anonymous_6)
FN:30,(anonymous_7)
FNF:8
FNH:8
FNDA:3,(anonymous_0)
FNDA:3,(anonymous_1)
FNDA:51,(anonymous_2)
FNDA:51,(anonymous_3)
FNDA:412,(anonymous_4)
FNDA:51,(anonymous_5)
FNDA:3,(anonymous_6)
FNDA:3,(anonymous_7)
DA:1,6
DA:3,6
DA:5,3
DA:6,3
DA:7,3
DA:8,51
DA:12,51
DA:18,412
DA:21,51
DA:22,51
DA:25,51
DA:26,51
DA:28,3
DA:29,3
DA:30,3
DA:32,6
LF:16
LH:16
BRF:0
BRH:0
end_of_record
TN:
SF:/Users/ramprasadagarwal/Desktop/TechUniversity2018/forthEvaluation/src/utils/helpers/insertOptions.js
FN:3,(anonymous_0)
FN:4,(anonymous_1)
FNF:2
FNH:2
FNDA:133,(anonymous_0)
FNDA:133,(anonymous_1)
DA:1,9
DA:3,133
DA:4,133
LF:3
LH:3
BRF:0
BRH:0
end_of_record
TN:
SF:/Users/ramprasadagarwal/Desktop/TechUniversity2018/forthEvaluation/src/utils/helpers/insertQuestion.js
FN:3,(anonymous_0)
FN:4,(anonymous_1)
FNF:2
FNH:2
FNDA:133,(anonymous_0)
FNDA:133,(anonymous_1)
DA:1,9
DA:3,133
DA:4,133
LF:3
LH:3
BRF:0
BRH:0
end_of_record
TN:
SF:/Users/ramprasadagarwal/Desktop/TechUniversity2018/forthEvaluation/src/utils/helpers/isDBEmpty.js
FN:3,(anonymous_0)
FN:4,(anonymous_1)
FNF:2
FNH:2
FNDA:4,(anonymous_0)
FNDA:4,(anonymous_1)
DA:1,6
DA:3,6
DA:5,4
DA:6,2
DA:9,6
LF:5
LH:5
BRDA:5,0,0,2
BRDA:5,0,1,2
BRF:2
BRH:2
end_of_record
TN:
SF:/Users/ramprasadagarwal/Desktop/TechUniversity2018/forthEvaluation/src/utils/helpers/populate.js
FN:5,(anonymous_0)
FN:6,(anonymous_1)
FN:9,(anonymous_2)
FN:12,(anonymous_3)
FN:21,(anonymous_4)
FN:33,(anonymous_5)
FNF:6
FNH:6
FNDA:11,(anonymous_0)
FNDA:11,(anonymous_1)
FNDA:132,(anonymous_2)
FNDA:132,(anonymous_3)
FNDA:132,(anonymous_4)
FNDA:11,(anonymous_5)
DA:1,8
DA:2,8
DA:3,8
DA:5,11
DA:7,11
DA:8,11
DA:9,11
DA:10,132
DA:11,132
DA:13,132
DA:14,132
DA:19,132
DA:22,132
DA:23,132
DA:24,132
DA:25,528
DA:26,528
DA:28,132
DA:30,132
DA:32,11
DA:33,11
DA:35,8
LF:22
LH:22
BRF:0
BRH:0
end_of_record
